$ bun run watch.ts
Watching https://mupatos.com.br/site/profile/character/daddy
Target: 360  |  Interval: 600s
[2026-04-26 14:47:13] level=293
[2026-04-26 14:57:15] level=302
[2026-04-26 15:07:17] level=302
[2026-04-26 15:17:19] level=308
[2026-04-26 15:27:21] level=315
[2026-04-26 15:37:23] level=320
[2026-04-26 15:47:25] level=327
[2026-04-26 15:57:27] level=333
[2026-04-26 16:07:29] level=339
[2026-04-26 16:17:30] level=345
[2026-04-26 16:27:32] level=351
[2026-04-26 16:37:34] level=356
[2026-04-26 16:47:36] level=52
[2026-04-26 16:57:38] level=164
[2026-04-26 17:07:40] level=197
[2026-04-26 17:17:42] level=216
[2026-04-26 17:27:44] level=232
[2026-04-26 17:37:46] level=246
[2026-04-26 17:47:48] level=256
[2026-04-26 17:57:50] level=268
[2026-04-26 18:07:52] level=280
[2026-04-26 18:17:53] level=290
[2026-04-26 18:27:55] level=300
[2026-04-26 18:37:57] level=307
[2026-04-26 18:47:59] level=316
[2026-04-26 18:58:01] level=320
[2026-04-26 19:08:03] level=328
[2026-04-26 19:18:05] level=337
[2026-04-26 19:28:07] level=343
[2026-04-26 19:38:09] level=350
[2026-04-26 19:48:11] level=357
[2026-04-26 19:58:13] level=135
[2026-04-26 20:08:15] level=192
[2026-04-26 20:18:17] level=218
[2026-04-26 20:28:19] level=239
[2026-04-26 20:38:21] level=239
[2026-04-26 20:48:23] level=251
[2026-04-26 20:58:25] level=267
[2026-04-26 21:08:27] level=281
[2026-04-26 21:18:29] level=290
[2026-04-26 21:28:31] level=299
[2026-04-26 21:38:33] level=306
[2026-04-26 21:48:35] level=316
[2026-04-26 21:58:36] level=328
[2026-04-26 22:08:38] level=338
[2026-04-26 22:18:41] level=347
[2026-04-26 22:28:43] level=351
[2026-04-26 22:38:44] level=356
[2026-04-26 22:48:47] level=136
[2026-04-26 22:58:49] level=201
[2026-04-26 23:08:50] level=221
[2026-04-26 23:18:52] level=246
[2026-04-26 23:28:55] level=264
[2026-04-26 23:38:57] level=268
[2026-04-26 23:48:59] level=273
[2026-04-26 23:59:01] level=281
[2026-04-27 00:09:05] level=286
[2026-04-27 00:19:07] level=301
[2026-04-27 00:29:09] level=313
[2026-04-27 00:39:11] level=325
[2026-04-27 00:49:13] level=334
[2026-04-27 00:59:15] level=340
[2026-04-27 01:09:16] level=341
[2026-04-27 01:19:18] level=346
[2026-04-27 01:29:20] level=355
[2026-04-27 01:39:22] level=360
[2026-04-27 01:39:22] TARGET REACHED — firing Pushover alarm
